<?xml version="1.0" encoding="UTF-8"?>
<testng-results ignored="0" total="1" passed="1" failed="0" skipped="0">
  <reporter-output>
  </reporter-output>
  <suite started-at="2024-09-03T19:33:08 IST" name="Default suite" finished-at="2024-09-03T19:33:16 IST" duration-ms="7979">
    <groups>
    </groups>
    <test started-at="2024-09-03T19:33:08 IST" name="Default test" finished-at="2024-09-03T19:33:16 IST" duration-ms="7979">
      <class name="extentReports.Test1">
        <test-method is-config="true" signature="config()[pri:0, instance:extentReports.Test1@1ed6388a]" started-at="2024-09-03T19:33:09 IST" name="config" finished-at="2024-09-03T19:33:09 IST" duration-ms="333" status="PASS">
          <reporter-output>
          </reporter-output>
        </test-method> <!-- config -->
        <test-method signature="test1()[pri:0, instance:extentReports.Test1@1ed6388a]" started-at="2024-09-03T19:33:09 IST" name="test1" finished-at="2024-09-03T19:33:16 IST" duration-ms="7599" status="PASS">
          <reporter-output>
          </reporter-output>
        </test-method> <!-- test1 -->
      </class> <!-- extentReports.Test1 -->
    </test> <!-- Default test -->
  </suite> <!-- Default suite -->
</testng-results>
